-- Found ament_cmake: 1.3.3 (/opt/ros/humble/share/ament_cmake/cmake)
-- Override CMake install command with custom implementation using symlinks instead of copying resources
-- Found rclcpp: 16.0.2 (/opt/ros/humble/share/rclcpp/cmake)
-- Found rosidl_generator_c: 3.1.4 (/opt/ros/humble/share/rosidl_generator_c/cmake)
-- Found rosidl_adapter: 3.1.4 (/opt/ros/humble/share/rosidl_adapter/cmake)
-- Found rosidl_generator_cpp: 3.1.4 (/opt/ros/humble/share/rosidl_generator_cpp/cmake)
-- Using all available rosidl_typesupport_c: rosidl_typesupport_fastrtps_c;rosidl_typesupport_introspection_c
-- Using all available rosidl_typesupport_cpp: rosidl_typesupport_fastrtps_cpp;rosidl_typesupport_introspection_cpp
-- Found rmw_implementation_cmake: 6.1.1 (/opt/ros/humble/share/rmw_implementation_cmake/cmake)
-- Found rmw_fastrtps_cpp: 6.2.2 (/opt/ros/humble/share/rmw_fastrtps_cpp/cmake)
-- Using RMW implementation 'rmw_fastrtps_cpp' as default
-- Found example_interfaces: 0.9.3 (/opt/ros/humble/share/example_interfaces/cmake)
-- Found interfaces: 0.0.0 (/home/chief-of-mischief/Desktop/ROS-learnings/ros2_ws/install/interfaces/share/interfaces/cmake)
-- Found ament_lint_auto: 0.12.4 (/opt/ros/humble/share/ament_lint_auto/cmake)
-- Added test 'cppcheck' to perform static code analysis on C / C++ code
-- Configured cppcheck include dirs: 
-- Configured cppcheck exclude dirs and/or files: 
-- Added test 'lint_cmake' to check CMake code style
-- Added test 'uncrustify' to check C / C++ code style
-- Configured uncrustify additional arguments: 
-- Added test 'xmllint' to check XML markup files
-- Configuring done
-- Generating done
-- Build files have been written to: /home/chief-of-mischief/Desktop/ROS-learnings/ros2_ws/build/cpp_pkg
[35m[1mConsolidate compiler generated dependencies of target robot_news_station[0m
[35m[1mConsolidate compiler generated dependencies of target add_two_ints_server[0m
[35m[1mConsolidate compiler generated dependencies of target smartphone[0m
[35m[1mConsolidate compiler generated dependencies of target cpp_node[0m
[35m[1mConsolidate compiler generated dependencies of target add_two_ints_client[0m
[35m[1mConsolidate compiler generated dependencies of target add_two_ints_client_no_oop[0m
[  7%] [32mBuilding CXX object CMakeFiles/hardware_status_publisher.dir/src/hw_status_publisher.cpp.o[0m
[ 28%] Built target cpp_node
[ 71%] Built target add_two_ints_server
[ 78%] Built target robot_news_station
[ 78%] Built target add_two_ints_client_no_oop
[ 92%] Built target add_two_ints_client
[ 92%] Built target smartphone
[01m[K/home/chief-of-mischief/Desktop/ROS-learnings/ros2_ws/src/cpp_pkg/src/hw_status_publisher.cpp:27:23:[m[K [01;31m[Kerror: [m[Kâ€˜[01m[Kmy_robot_interfaces[m[Kâ€™ was not declared in this scope; did you mean â€˜[01m[Krcl_interfaces[m[Kâ€™?
   27 |     rclcpp::Publisher<[01;31m[Kmy_robot_interfaces[m[K::msg::HardwareStatus>::SharedPtr pub_;
      |                       [01;31m[K^~~~~~~~~~~~~~~~~~~[m[K
      |                       [32m[Krcl_interfaces[m[K
[01m[K/home/chief-of-mischief/Desktop/ROS-learnings/ros2_ws/src/cpp_pkg/src/hw_status_publisher.cpp:27:63:[m[K [01;31m[Kerror: [m[Ktemplate argument 1 is invalid
   27 |     rclcpp::Publisher<my_robot_interfaces::msg::HardwareStatus[01;31m[K>[m[K::SharedPtr pub_;
      |                                                               [01;31m[K^[m[K
[01m[K/home/chief-of-mischief/Desktop/ROS-learnings/ros2_ws/src/cpp_pkg/src/hw_status_publisher.cpp:27:66:[m[K [01;31m[Kerror: [m[Kexpected â€˜[01m[K;[m[Kâ€™ at end of member declaration
   27 |     rclcpp::Publisher<my_robot_interfaces::msg::HardwareStatus>::[01;31m[KSharedPtr[m[K pub_;
      |                                                                  [01;31m[K^~~~~~~~~[m[K
      |                                                                           [32m[K;[m[K
[01m[K/home/chief-of-mischief/Desktop/ROS-learnings/ros2_ws/src/cpp_pkg/src/hw_status_publisher.cpp:27:76:[m[K [01;31m[Kerror: [m[Kâ€˜[01m[Kpub_[m[Kâ€™ does not name a type
   27 |     rclcpp::Publisher<my_robot_interfaces::msg::HardwareStatus>::SharedPtr [01;31m[Kpub_[m[K;
      |                                                                            [01;31m[K^~~~[m[K
[01m[K/home/chief-of-mischief/Desktop/ROS-learnings/ros2_ws/src/cpp_pkg/src/hw_status_publisher.cpp:[m[K In constructor â€˜[01m[KHardwareStatusPublisher::HardwareStatusPublisher()[m[Kâ€™:
[01m[K/home/chief-of-mischief/Desktop/ROS-learnings/ros2_ws/src/cpp_pkg/src/hw_status_publisher.cpp:9:9:[m[K [01;31m[Kerror: [m[Kâ€˜[01m[Kpub_[m[Kâ€™ was not declared in this scope
    9 |         [01;31m[Kpub_[m[K = this->create_publisher<my_robot_interfaces::msg::HardwareStatus>(
      |         [01;31m[K^~~~[m[K
[01m[K/home/chief-of-mischief/Desktop/ROS-learnings/ros2_ws/src/cpp_pkg/src/hw_status_publisher.cpp:9:39:[m[K [01;31m[Kerror: [m[Kâ€˜[01m[Kmy_robot_interfaces[m[Kâ€™ was not declared in this scope; did you mean â€˜[01m[Krcl_interfaces[m[Kâ€™?
    9 |         pub_ = this->create_publisher<[01;31m[Kmy_robot_interfaces[m[K::msg::HardwareStatus>(
      |                                       [01;31m[K^~~~~~~~~~~~~~~~~~~[m[K
      |                                       [32m[Krcl_interfaces[m[K
[01m[K/home/chief-of-mischief/Desktop/ROS-learnings/ros2_ws/src/cpp_pkg/src/hw_status_publisher.cpp:9:22:[m[K [01;31m[Kerror: [m[Kparse error in template argument list
    9 |         pub_ = this->[01;31m[Kcreate_publisher<my_robot_interfaces::msg::HardwareStatus>[m[K(
      |                      [01;31m[K^~~~~~~~~~~~~~~~~~~~~~~~~~~~~~~~~~~~~~~~~~~~~~~~~~~~~~~~~~[m[K
[01m[K/home/chief-of-mischief/Desktop/ROS-learnings/ros2_ws/src/cpp_pkg/src/hw_status_publisher.cpp:9:80:[m[K [01;31m[Kerror: [m[Kno matching function for call to â€˜[01m[KHardwareStatusPublisher::create_publisher<<expression error> >(const char [16], int)[m[Kâ€™
    9 |         pub_ = [01;31m[Kthis->create_publisher<my_robot_interfaces::msg::HardwareStatus>([m[K
      |                [01;31m[K~~~~~~~~~~~~~~~~~~~~~~~~~~~~~~~~~~~~~~~~~~~~~~~~~~~~~~~~~~~~~~~~^[m[K
   10 | [01;31m[K            "hardware_status", 10)[m[K;
      |             [01;31m[K~~~~~~~~~~~~~~~~~~~~~~[m[K                                              
In file included from [01m[K/opt/ros/humble/include/rclcpp/rclcpp/executors/single_threaded_executor.hpp:28[m[K,
                 from [01m[K/opt/ros/humble/include/rclcpp/rclcpp/executors.hpp:22[m[K,
                 from [01m[K/opt/ros/humble/include/rclcpp/rclcpp/rclcpp.hpp:155[m[K,
                 from [01m[K/home/chief-of-mischief/Desktop/ROS-learnings/ros2_ws/src/cpp_pkg/src/hw_status_publisher.cpp:1[m[K:
[01m[K/opt/ros/humble/include/rclcpp/rclcpp/node.hpp:195:3:[m[K [01;36m[Knote: [m[Kcandidate: â€˜[01m[Ktemplate<class MessageT, class AllocatorT, class PublisherT> std::shared_ptr<PublisherT> rclcpp::Node::create_publisher(const string&, const rclcpp::QoS&, const rclcpp::PublisherOptionsWithAllocator<AllocatorT>&)[m[Kâ€™
  195 |   [01;36m[Kcreate_publisher[m[K(
      |   [01;36m[K^~~~~~~~~~~~~~~~[m[K
[01m[K/opt/ros/humble/include/rclcpp/rclcpp/node.hpp:195:3:[m[K [01;36m[Knote: [m[K  template argument deduction/substitution failed:
[01m[K/home/chief-of-mischief/Desktop/ROS-learnings/ros2_ws/src/cpp_pkg/src/hw_status_publisher.cpp:9:80:[m[K [01;31m[Kerror: [m[Ktemplate argument 1 is invalid
    9 |         pub_ = [01;31m[Kthis->create_publisher<my_robot_interfaces::msg::HardwareStatus>([m[K
      |                [01;31m[K~~~~~~~~~~~~~~~~~~~~~~~~~~~~~~~~~~~~~~~~~~~~~~~~~~~~~~~~~~~~~~~~^[m[K
   10 | [01;31m[K            "hardware_status", 10)[m[K;
      |             [01;31m[K~~~~~~~~~~~~~~~~~~~~~~[m[K                                              
[01m[K/home/chief-of-mischief/Desktop/ROS-learnings/ros2_ws/src/cpp_pkg/src/hw_status_publisher.cpp:[m[K In member function â€˜[01m[Kvoid HardwareStatusPublisher::publishHardwareStatus()[m[Kâ€™:
[01m[K/home/chief-of-mischief/Desktop/ROS-learnings/ros2_ws/src/cpp_pkg/src/hw_status_publisher.cpp:20:20:[m[K [01;31m[Kerror: [m[Kâ€˜[01m[Kmy_robot_interfaces[m[Kâ€™ has not been declared
   20 |         auto msg = [01;31m[Kmy_robot_interfaces[m[K::msg::HardwareStatus();
      |                    [01;31m[K^~~~~~~~~~~~~~~~~~~[m[K
[01m[K/home/chief-of-mischief/Desktop/ROS-learnings/ros2_ws/src/cpp_pkg/src/hw_status_publisher.cpp:24:9:[m[K [01;31m[Kerror: [m[Kâ€˜[01m[Kpub_[m[Kâ€™ was not declared in this scope
   24 |         [01;31m[Kpub_[m[K->publish(msg);
      |         [01;31m[K^~~~[m[K
gmake[2]: *** [CMakeFiles/hardware_status_publisher.dir/build.make:76: CMakeFiles/hardware_status_publisher.dir/src/hw_status_publisher.cpp.o] Error 1
gmake[1]: *** [CMakeFiles/Makefile2:305: CMakeFiles/hardware_status_publisher.dir/all] Error 2
gmake: *** [Makefile:146: all] Error 2
