[0.009s] Invoking command in '/home/chief-of-mischief/Desktop/ROS-learnings/ros2_ws/build/cpp_pkg': CMAKE_PREFIX_PATH=${CMAKE_PREFIX_PATH}:/home/chief-of-mischief/Desktop/ROS-learnings/ros2_ws/install/my_py_pkg:/home/chief-of-mischief/Desktop/ROS-learnings/ros2_ws/install/p_py_pkg:/opt/ros/humble /usr/bin/cmake --build /home/chief-of-mischief/Desktop/ROS-learnings/ros2_ws/build/cpp_pkg -- -j24 -l24
[0.023s] -- Found ament_cmake: 1.3.3 (/opt/ros/humble/share/ament_cmake/cmake)
[0.123s] -- Override CMake install command with custom implementation using symlinks instead of copying resources
[0.127s] -- Found rclcpp: 16.0.2 (/opt/ros/humble/share/rclcpp/cmake)
[0.148s] -- Found rosidl_generator_c: 3.1.4 (/opt/ros/humble/share/rosidl_generator_c/cmake)
[0.149s] -- Found rosidl_adapter: 3.1.4 (/opt/ros/humble/share/rosidl_adapter/cmake)
[0.153s] -- Found rosidl_generator_cpp: 3.1.4 (/opt/ros/humble/share/rosidl_generator_cpp/cmake)
[0.160s] -- Using all available rosidl_typesupport_c: rosidl_typesupport_fastrtps_c;rosidl_typesupport_introspection_c
[0.169s] -- Using all available rosidl_typesupport_cpp: rosidl_typesupport_fastrtps_cpp;rosidl_typesupport_introspection_cpp
[0.206s] -- Found rmw_implementation_cmake: 6.1.1 (/opt/ros/humble/share/rmw_implementation_cmake/cmake)
[0.207s] -- Found rmw_fastrtps_cpp: 6.2.2 (/opt/ros/humble/share/rmw_fastrtps_cpp/cmake)
[0.280s] -- Using RMW implementation 'rmw_fastrtps_cpp' as default
[0.377s] -- Found example_interfaces: 0.9.3 (/opt/ros/humble/share/example_interfaces/cmake)
[0.467s] -- Found interfaces: 0.0.0 (/home/chief-of-mischief/Desktop/ROS-learnings/ros2_ws/install/interfaces/share/interfaces/cmake)
[0.476s] -- Found ament_lint_auto: 0.12.4 (/opt/ros/humble/share/ament_lint_auto/cmake)
[0.524s] -- Added test 'cppcheck' to perform static code analysis on C / C++ code
[0.524s] -- Configured cppcheck include dirs: 
[0.524s] -- Configured cppcheck exclude dirs and/or files: 
[0.524s] -- Added test 'lint_cmake' to check CMake code style
[0.524s] -- Added test 'uncrustify' to check C / C++ code style
[0.524s] -- Configured uncrustify additional arguments: 
[0.524s] -- Added test 'xmllint' to check XML markup files
[0.525s] -- Configuring done
[0.538s] -- Generating done
[0.539s] -- Build files have been written to: /home/chief-of-mischief/Desktop/ROS-learnings/ros2_ws/build/cpp_pkg
[0.553s] [35m[1mConsolidate compiler generated dependencies of target robot_news_station[0m
[0.553s] [35m[1mConsolidate compiler generated dependencies of target add_two_ints_server[0m
[0.553s] [35m[1mConsolidate compiler generated dependencies of target smartphone[0m
[0.554s] [35m[1mConsolidate compiler generated dependencies of target cpp_node[0m
[0.554s] [35m[1mConsolidate compiler generated dependencies of target add_two_ints_client[0m
[0.554s] [35m[1mConsolidate compiler generated dependencies of target add_two_ints_client_no_oop[0m
[0.558s] [  7%] [32mBuilding CXX object CMakeFiles/hardware_status_publisher.dir/src/hw_status_publisher.cpp.o[0m
[0.563s] [ 28%] Built target cpp_node
[0.563s] [ 71%] Built target add_two_ints_server
[0.563s] [ 78%] Built target robot_news_station
[0.563s] [ 78%] Built target add_two_ints_client_no_oop
[0.563s] [ 92%] Built target add_two_ints_client
[0.563s] [ 92%] Built target smartphone
[1.842s] [01m[K/home/chief-of-mischief/Desktop/ROS-learnings/ros2_ws/src/cpp_pkg/src/hw_status_publisher.cpp:27:23:[m[K [01;31m[Kerror: [m[Kâ€˜[01m[Kmy_robot_interfaces[m[Kâ€™ was not declared in this scope; did you mean â€˜[01m[Krcl_interfaces[m[Kâ€™?
[1.842s]    27 |     rclcpp::Publisher<[01;31m[Kmy_robot_interfaces[m[K::msg::HardwareStatus>::SharedPtr pub_;
[1.842s]       |                       [01;31m[K^~~~~~~~~~~~~~~~~~~[m[K
[1.842s]       |                       [32m[Krcl_interfaces[m[K
[1.842s] [01m[K/home/chief-of-mischief/Desktop/ROS-learnings/ros2_ws/src/cpp_pkg/src/hw_status_publisher.cpp:27:63:[m[K [01;31m[Kerror: [m[Ktemplate argument 1 is invalid
[1.842s]    27 |     rclcpp::Publisher<my_robot_interfaces::msg::HardwareStatus[01;31m[K>[m[K::SharedPtr pub_;
[1.842s]       |                                                               [01;31m[K^[m[K
[1.842s] [01m[K/home/chief-of-mischief/Desktop/ROS-learnings/ros2_ws/src/cpp_pkg/src/hw_status_publisher.cpp:27:66:[m[K [01;31m[Kerror: [m[Kexpected â€˜[01m[K;[m[Kâ€™ at end of member declaration
[1.842s]    27 |     rclcpp::Publisher<my_robot_interfaces::msg::HardwareStatus>::[01;31m[KSharedPtr[m[K pub_;
[1.842s]       |                                                                  [01;31m[K^~~~~~~~~[m[K
[1.842s]       |                                                                           [32m[K;[m[K
[1.842s] [01m[K/home/chief-of-mischief/Desktop/ROS-learnings/ros2_ws/src/cpp_pkg/src/hw_status_publisher.cpp:27:76:[m[K [01;31m[Kerror: [m[Kâ€˜[01m[Kpub_[m[Kâ€™ does not name a type
[1.843s]    27 |     rclcpp::Publisher<my_robot_interfaces::msg::HardwareStatus>::SharedPtr [01;31m[Kpub_[m[K;
[1.843s]       |                                                                            [01;31m[K^~~~[m[K
[1.845s] [01m[K/home/chief-of-mischief/Desktop/ROS-learnings/ros2_ws/src/cpp_pkg/src/hw_status_publisher.cpp:[m[K In constructor â€˜[01m[KHardwareStatusPublisher::HardwareStatusPublisher()[m[Kâ€™:
[1.845s] [01m[K/home/chief-of-mischief/Desktop/ROS-learnings/ros2_ws/src/cpp_pkg/src/hw_status_publisher.cpp:9:9:[m[K [01;31m[Kerror: [m[Kâ€˜[01m[Kpub_[m[Kâ€™ was not declared in this scope
[1.845s]     9 |         [01;31m[Kpub_[m[K = this->create_publisher<my_robot_interfaces::msg::HardwareStatus>(
[1.845s]       |         [01;31m[K^~~~[m[K
[1.850s] [01m[K/home/chief-of-mischief/Desktop/ROS-learnings/ros2_ws/src/cpp_pkg/src/hw_status_publisher.cpp:9:39:[m[K [01;31m[Kerror: [m[Kâ€˜[01m[Kmy_robot_interfaces[m[Kâ€™ was not declared in this scope; did you mean â€˜[01m[Krcl_interfaces[m[Kâ€™?
[1.850s]     9 |         pub_ = this->create_publisher<[01;31m[Kmy_robot_interfaces[m[K::msg::HardwareStatus>(
[1.850s]       |                                       [01;31m[K^~~~~~~~~~~~~~~~~~~[m[K
[1.851s]       |                                       [32m[Krcl_interfaces[m[K
[1.851s] [01m[K/home/chief-of-mischief/Desktop/ROS-learnings/ros2_ws/src/cpp_pkg/src/hw_status_publisher.cpp:9:22:[m[K [01;31m[Kerror: [m[Kparse error in template argument list
[1.851s]     9 |         pub_ = this->[01;31m[Kcreate_publisher<my_robot_interfaces::msg::HardwareStatus>[m[K(
[1.851s]       |                      [01;31m[K^~~~~~~~~~~~~~~~~~~~~~~~~~~~~~~~~~~~~~~~~~~~~~~~~~~~~~~~~~[m[K
[1.851s] [01m[K/home/chief-of-mischief/Desktop/ROS-learnings/ros2_ws/src/cpp_pkg/src/hw_status_publisher.cpp:9:80:[m[K [01;31m[Kerror: [m[Kno matching function for call to â€˜[01m[KHardwareStatusPublisher::create_publisher<<expression error> >(const char [16], int)[m[Kâ€™
[1.851s]     9 |         pub_ = [01;31m[Kthis->create_publisher<my_robot_interfaces::msg::HardwareStatus>([m[K
[1.851s]       |                [01;31m[K~~~~~~~~~~~~~~~~~~~~~~~~~~~~~~~~~~~~~~~~~~~~~~~~~~~~~~~~~~~~~~~~^[m[K
[1.851s]    10 | [01;31m[K            "hardware_status", 10)[m[K;
[1.851s]       |             [01;31m[K~~~~~~~~~~~~~~~~~~~~~~[m[K                                              
[1.851s] In file included from [01m[K/opt/ros/humble/include/rclcpp/rclcpp/executors/single_threaded_executor.hpp:28[m[K,
[1.851s]                  from [01m[K/opt/ros/humble/include/rclcpp/rclcpp/executors.hpp:22[m[K,
[1.851s]                  from [01m[K/opt/ros/humble/include/rclcpp/rclcpp/rclcpp.hpp:155[m[K,
[1.851s]                  from [01m[K/home/chief-of-mischief/Desktop/ROS-learnings/ros2_ws/src/cpp_pkg/src/hw_status_publisher.cpp:1[m[K:
[1.852s] [01m[K/opt/ros/humble/include/rclcpp/rclcpp/node.hpp:195:3:[m[K [01;36m[Knote: [m[Kcandidate: â€˜[01m[Ktemplate<class MessageT, class AllocatorT, class PublisherT> std::shared_ptr<PublisherT> rclcpp::Node::create_publisher(const string&, const rclcpp::QoS&, const rclcpp::PublisherOptionsWithAllocator<AllocatorT>&)[m[Kâ€™
[1.852s]   195 |   [01;36m[Kcreate_publisher[m[K(
[1.852s]       |   [01;36m[K^~~~~~~~~~~~~~~~[m[K
[1.852s] [01m[K/opt/ros/humble/include/rclcpp/rclcpp/node.hpp:195:3:[m[K [01;36m[Knote: [m[K  template argument deduction/substitution failed:
[1.852s] [01m[K/home/chief-of-mischief/Desktop/ROS-learnings/ros2_ws/src/cpp_pkg/src/hw_status_publisher.cpp:9:80:[m[K [01;31m[Kerror: [m[Ktemplate argument 1 is invalid
[1.852s]     9 |         pub_ = [01;31m[Kthis->create_publisher<my_robot_interfaces::msg::HardwareStatus>([m[K
[1.852s]       |                [01;31m[K~~~~~~~~~~~~~~~~~~~~~~~~~~~~~~~~~~~~~~~~~~~~~~~~~~~~~~~~~~~~~~~~^[m[K
[1.852s]    10 | [01;31m[K            "hardware_status", 10)[m[K;
[1.852s]       |             [01;31m[K~~~~~~~~~~~~~~~~~~~~~~[m[K                                              
[1.857s] [01m[K/home/chief-of-mischief/Desktop/ROS-learnings/ros2_ws/src/cpp_pkg/src/hw_status_publisher.cpp:[m[K In member function â€˜[01m[Kvoid HardwareStatusPublisher::publishHardwareStatus()[m[Kâ€™:
[1.857s] [01m[K/home/chief-of-mischief/Desktop/ROS-learnings/ros2_ws/src/cpp_pkg/src/hw_status_publisher.cpp:20:20:[m[K [01;31m[Kerror: [m[Kâ€˜[01m[Kmy_robot_interfaces[m[Kâ€™ has not been declared
[1.857s]    20 |         auto msg = [01;31m[Kmy_robot_interfaces[m[K::msg::HardwareStatus();
[1.857s]       |                    [01;31m[K^~~~~~~~~~~~~~~~~~~[m[K
[1.859s] [01m[K/home/chief-of-mischief/Desktop/ROS-learnings/ros2_ws/src/cpp_pkg/src/hw_status_publisher.cpp:24:9:[m[K [01;31m[Kerror: [m[Kâ€˜[01m[Kpub_[m[Kâ€™ was not declared in this scope
[1.860s]    24 |         [01;31m[Kpub_[m[K->publish(msg);
[1.860s]       |         [01;31m[K^~~~[m[K
[2.107s] gmake[2]: *** [CMakeFiles/hardware_status_publisher.dir/build.make:76: CMakeFiles/hardware_status_publisher.dir/src/hw_status_publisher.cpp.o] Error 1
[2.107s] gmake[1]: *** [CMakeFiles/Makefile2:305: CMakeFiles/hardware_status_publisher.dir/all] Error 2
[2.107s] gmake: *** [Makefile:146: all] Error 2
[2.109s] Invoked command in '/home/chief-of-mischief/Desktop/ROS-learnings/ros2_ws/build/cpp_pkg' returned '2': CMAKE_PREFIX_PATH=${CMAKE_PREFIX_PATH}:/home/chief-of-mischief/Desktop/ROS-learnings/ros2_ws/install/my_py_pkg:/home/chief-of-mischief/Desktop/ROS-learnings/ros2_ws/install/p_py_pkg:/opt/ros/humble /usr/bin/cmake --build /home/chief-of-mischief/Desktop/ROS-learnings/ros2_ws/build/cpp_pkg -- -j24 -l24
